2024/10/22 12:45:21 INFO handler start ccID=gridID-1-A name=a
2024/10/22 12:45:21 INFO handler running ccID=gridID-1-A name=a
2024/10/22 12:45:22 INFO handler start ccID=gridID-2-B name=b
2024/10/22 12:45:22 INFO handler running ccID=gridID-2-B name=b
2024/10/22 12:45:22 INFO handler running ccID=gridID-1-A name=a
2024/10/22 12:45:23 INFO handler running ccID=gridID-2-B name=b
2024/10/22 12:45:23 INFO handler running ccID=gridID-1-A name=a
2024/10/22 12:45:23 INFO handler start ccID=gridID-3-C name=c
2024/10/22 12:45:23 INFO handler running ccID=gridID-3-C name=c
2024/10/22 12:45:24 INFO handler running ccID=gridID-2-B name=b
2024/10/22 12:45:24 INFO handler running ccID=gridID-1-A name=a
2024/10/22 12:45:24 INFO handler running ccID=gridID-3-C name=c
2024/10/22 12:45:24 INFO handler start ccID=gridID-4-D name=d
2024/10/22 12:45:24 INFO handler running ccID=gridID-4-D name=d
2024/10/22 12:45:25 INFO handler running ccID=gridID-2-B name=b
2024/10/22 12:45:25 INFO handler running ccID=gridID-1-A name=a
2024/10/22 12:45:25 INFO handler running ccID=gridID-3-C name=c
2024/10/22 12:45:25 INFO handler running ccID=gridID-4-D name=d
2024/10/22 12:45:26 INFO handler running ccID=gridID-2-B name=b
2024/10/22 12:45:26 INFO handler running ccID=gridID-1-A name=a
2024/10/22 12:45:26 INFO handler start ccID=gridID-5-E name=e
2024/10/22 12:45:26 INFO handler running ccID=gridID-5-E name=e
2024/10/22 12:45:26 INFO handler running ccID=gridID-3-C name=c
2024/10/22 12:45:26 INFO handler running ccID=gridID-4-D name=e
2024/10/22 12:45:27 INFO handler running ccID=gridID-2-B name=b
2024/10/22 12:45:27 INFO handler running ccID=gridID-1-A name=a
2024/10/22 12:45:27 INFO handler running ccID=gridID-5-E name=e
2024/10/22 12:45:27 INFO handler running ccID=gridID-3-C name=c
2024/10/22 12:45:27 INFO handler running ccID=gridID-4-D name=e
2024/10/22 12:45:27 INFO handler start ccID=gridID-6-F name=f
2024/10/22 12:45:27 INFO handler running ccID=gridID-6-F name=f
2024/10/22 12:45:28 INFO handler running ccID=gridID-2-B name=b
2024/10/22 12:45:28 INFO handler running ccID=gridID-1-A name=a
2024/10/22 12:45:28 INFO handler running ccID=gridID-5-E name=e
2024/10/22 12:45:28 INFO handler running ccID=gridID-3-C name=f
2024/10/22 12:45:28 INFO handler running ccID=gridID-4-D name=e
2024/10/22 12:45:28 INFO handler running ccID=gridID-6-F name=f
2024/10/22 12:45:28 INFO handler start ccID=gridID-7-G name=g
2024/10/22 12:45:28 INFO handler running ccID=gridID-7-G name=g
2024/10/22 12:45:29 INFO handler running ccID=gridID-2-B name=b
2024/10/22 12:45:29 INFO handler running ccID=gridID-1-A name=a
2024/10/22 12:45:29 INFO handler running ccID=gridID-5-E name=e
2024/10/22 12:45:29 INFO handler running ccID=gridID-3-C name=g
2024/10/22 12:45:29 INFO handler running ccID=gridID-4-D name=e
2024/10/22 12:45:29 INFO handler start ccID=gridID-8-H name=h
2024/10/22 12:45:29 INFO handler running ccID=gridID-8-H name=h
2024/10/22 12:45:29 INFO handler running ccID=gridID-6-F name=g
2024/10/22 12:45:29 INFO handler running ccID=gridID-7-G name=g
2024/10/22 12:45:30 INFO handler running ccID=gridID-2-B name=h
2024/10/22 12:45:30 INFO handler running ccID=gridID-1-A name=a
2024/10/22 12:45:30 INFO handler running ccID=gridID-5-E name=e
2024/10/22 12:45:30 INFO handler running ccID=gridID-3-C name=g
2024/10/22 12:45:30 INFO handler running ccID=gridID-4-D name=e
2024/10/22 12:45:30 INFO handler running ccID=gridID-8-H name=h
2024/10/22 12:45:30 INFO handler running ccID=gridID-6-F name=g
2024/10/22 12:45:30 INFO handler running ccID=gridID-7-G name=g
2024/10/22 12:45:31 INFO handler start ccID=gridID-9-I name=i
2024/10/22 12:45:31 INFO handler running ccID=gridID-9-I name=i
2024/10/22 12:45:31 INFO handler running ccID=gridID-2-B name=h
2024/10/22 12:45:31 INFO handler finish ccID=gridID-1-A name=a
2024/10/22 12:45:31 INFO handler running ccID=gridID-5-E name=e
2024/10/22 12:45:31 INFO handler running ccID=gridID-3-C name=i
2024/10/22 12:45:31 INFO handler running ccID=gridID-4-D name=e
2024/10/22 12:45:31 INFO handler running ccID=gridID-8-H name=h
2024/10/22 12:45:31 INFO handler running ccID=gridID-6-F name=i
2024/10/22 12:45:31 INFO handler running ccID=gridID-7-G name=i
2024/10/22 12:45:32 INFO handler running ccID=gridID-9-I name=i
2024/10/22 12:45:32 INFO handler finish ccID=gridID-2-B name=h
2024/10/22 12:45:32 INFO handler running ccID=gridID-5-E name=e
2024/10/22 12:45:32 INFO handler running ccID=gridID-3-C name=i
2024/10/22 12:45:32 INFO handler running ccID=gridID-4-D name=e
2024/10/22 12:45:32 INFO handler running ccID=gridID-8-H name=h
2024/10/22 12:45:32 INFO handler running ccID=gridID-6-F name=i
2024/10/22 12:45:32 INFO handler running ccID=gridID-7-G name=i
2024/10/22 12:45:33 INFO handler running ccID=gridID-9-I name=i
2024/10/22 12:45:33 INFO handler running ccID=gridID-5-E name=e
2024/10/22 12:45:33 INFO handler finish ccID=gridID-3-C name=i
2024/10/22 12:45:33 INFO handler running ccID=gridID-4-D name=e
2024/10/22 12:45:33 INFO handler running ccID=gridID-8-H name=h
2024/10/22 12:45:33 INFO handler running ccID=gridID-6-F name=i
2024/10/22 12:45:33 INFO handler running ccID=gridID-7-G name=i
2024/10/22 12:45:34 INFO handler running ccID=gridID-9-I name=i
2024/10/22 12:45:34 INFO handler running ccID=gridID-5-E name=e
2024/10/22 12:45:34 INFO handler finish ccID=gridID-4-D name=e
2024/10/22 12:45:34 INFO handler running ccID=gridID-8-H name=h
2024/10/22 12:45:34 INFO handler running ccID=gridID-6-F name=i
2024/10/22 12:45:34 INFO handler running ccID=gridID-7-G name=i
2024/10/22 12:45:35 INFO handler running ccID=gridID-9-I name=i
2024/10/22 12:45:35 INFO handler running ccID=gridID-5-E name=e
2024/10/22 12:45:35 INFO handler running ccID=gridID-8-H name=h
2024/10/22 12:45:35 INFO handler running ccID=gridID-6-F name=i
2024/10/22 12:45:35 INFO handler running ccID=gridID-7-G name=i
2024/10/22 12:45:36 INFO handler running ccID=gridID-9-I name=i
2024/10/22 12:45:36 INFO handler finish ccID=gridID-5-E name=e
2024/10/22 12:45:36 INFO handler running ccID=gridID-8-H name=h
2024/10/22 12:45:36 INFO handler running ccID=gridID-6-F name=i
2024/10/22 12:45:36 INFO handler running ccID=gridID-7-G name=i
2024/10/22 12:45:37 INFO handler running ccID=gridID-9-I name=i
2024/10/22 12:45:37 INFO handler running ccID=gridID-8-H name=h
2024/10/22 12:45:37 INFO handler finish ccID=gridID-6-F name=i
2024/10/22 12:45:37 INFO handler running ccID=gridID-7-G name=i
2024/10/22 12:45:38 INFO handler running ccID=gridID-9-I name=i
2024/10/22 12:45:38 INFO handler running ccID=gridID-8-H name=h
2024/10/22 12:45:38 INFO handler finish ccID=gridID-7-G name=i
2024/10/22 12:45:39 INFO handler running ccID=gridID-9-I name=i
2024/10/22 12:45:39 INFO handler finish ccID=gridID-8-H name=h
